{"/home/andys/Work/JobSearch/Portfolio/grpc-boundary-lab/frontend/src/App.tsx": {"path":"/home/andys/Work/JobSearch/Portfolio/grpc-boundary-lab/frontend/src/App.tsx","statementMap":{"0":{"start":{"line":5,"column":29},"end":{"line":11,"column":null}},"1":{"start":{"line":6,"column":2},"end":{"line":9,"column":null}}},"fnMap":{"0":{"name":"(anonymous_0)","decl":{"start":{"line":5,"column":29},"end":{"line":5,"column":35}},"loc":{"start":{"line":5,"column":35},"end":{"line":11,"column":null}},"line":5}},"branchMap":{},"s":{"0":1,"1":1},"f":{"0":1},"b":{},"meta":{"lastBranch":0,"lastFunction":1,"lastStatement":2,"seen":{"s:5:29:11:Infinity":0,"f:5:29:5:35":0,"s:6:2:9:Infinity":1}}}
,"/home/andys/Work/JobSearch/Portfolio/grpc-boundary-lab/frontend/src/components/LatencyChart.tsx": {"path":"/home/andys/Work/JobSearch/Portfolio/grpc-boundary-lab/frontend/src/components/LatencyChart.tsx","statementMap":{"0":{"start":{"line":17,"column":15},"end":{"line":21,"column":null}},"1":{"start":{"line":23,"column":19},"end":{"line":27,"column":null}},"2":{"start":{"line":29,"column":57},"end":{"line":92,"column":null}},"3":{"start":{"line":30,"column":10},"end":{"line":37,"column":null}},"4":{"start":{"line":31,"column":8},"end":{"line":31,"column":null}},"5":{"start":{"line":31,"column":20},"end":{"line":31,"column":null}},"6":{"start":{"line":32,"column":8},"end":{"line":36,"column":null}},"7":{"start":{"line":39,"column":4},"end":{"line":90,"column":null}},"8":{"start":{"line":60,"column":48},"end":{"line":60,"column":null}},"9":{"start":{"line":70,"column":28},"end":{"line":75,"column":null}},"10":{"start":{"line":84,"column":20},"end":{"line":87,"column":null}}},"fnMap":{"0":{"name":"(anonymous_0)","decl":{"start":{"line":29,"column":57},"end":{"line":29,"column":58}},"loc":{"start":{"line":29,"column":72},"end":{"line":92,"column":null}},"line":29},"1":{"name":"(anonymous_1)","decl":{"start":{"line":30,"column":25},"end":{"line":30,"column":31}},"loc":{"start":{"line":30,"column":31},"end":{"line":37,"column":7}},"line":30},"2":{"name":"(anonymous_2)","decl":{"start":{"line":60,"column":39},"end":{"line":60,"column":40}},"loc":{"start":{"line":60,"column":48},"end":{"line":60,"column":null}},"line":60},"3":{"name":"(anonymous_3)","decl":{"start":{"line":69,"column":34},"end":{"line":69,"column":35}},"loc":{"start":{"line":70,"column":28},"end":{"line":75,"column":null}},"line":70},"4":{"name":"(anonymous_4)","decl":{"start":{"line":83,"column":26},"end":{"line":83,"column":27}},"loc":{"start":{"line":84,"column":20},"end":{"line":87,"column":null}},"line":84}},"branchMap":{"0":{"loc":{"start":{"line":31,"column":8},"end":{"line":31,"column":null}},"type":"if","locations":[{"start":{"line":31,"column":8},"end":{"line":31,"column":null}},{"start":{},"end":{}}],"line":31}},"s":{"0":1,"1":1,"2":1,"3":1,"4":1,"5":0,"6":1,"7":1,"8":0,"9":3,"10":3},"f":{"0":1,"1":1,"2":0,"3":3,"4":3},"b":{"0":[0,1]},"meta":{"lastBranch":1,"lastFunction":5,"lastStatement":11,"seen":{"s:17:15:21:Infinity":0,"s:23:19:27:Infinity":1,"s:29:57:92:Infinity":2,"f:29:57:29:58":0,"s:30:10:37:Infinity":3,"f:30:25:30:31":1,"b:31:8:31:Infinity:undefined:undefined:undefined:undefined":0,"s:31:8:31:Infinity":4,"s:31:20:31:Infinity":5,"s:32:8:36:Infinity":6,"s:39:4:90:Infinity":7,"f:60:39:60:40":2,"s:60:48:60:Infinity":8,"f:69:34:69:35":3,"s:70:28:75:Infinity":9,"f:83:26:83:27":4,"s:84:20:87:Infinity":10}}}
,"/home/andys/Work/JobSearch/Portfolio/grpc-boundary-lab/frontend/src/components/ModeBadge.tsx": {"path":"/home/andys/Work/JobSearch/Portfolio/grpc-boundary-lab/frontend/src/components/ModeBadge.tsx","statementMap":{"0":{"start":{"line":13,"column":51},"end":{"line":43,"column":null}},"1":{"start":{"line":14,"column":4},"end":{"line":20,"column":null}},"2":{"start":{"line":15,"column":8},"end":{"line":18,"column":null}},"3":{"start":{"line":22,"column":4},"end":{"line":41,"column":null}}},"fnMap":{"0":{"name":"(anonymous_0)","decl":{"start":{"line":13,"column":51},"end":{"line":13,"column":52}},"loc":{"start":{"line":13,"column":98},"end":{"line":43,"column":null}},"line":13}},"branchMap":{"0":{"loc":{"start":{"line":14,"column":4},"end":{"line":20,"column":null}},"type":"if","locations":[{"start":{"line":14,"column":4},"end":{"line":20,"column":null}},{"start":{},"end":{}}],"line":14},"1":{"loc":{"start":{"line":26,"column":16},"end":{"line":26,"column":null}},"type":"cond-expr","locations":[{"start":{"line":26,"column":38},"end":{"line":26,"column":56}},{"start":{"line":26,"column":56},"end":{"line":26,"column":null}}],"line":26},"2":{"loc":{"start":{"line":33,"column":16},"end":{"line":33,"column":null}},"type":"cond-expr","locations":[{"start":{"line":33,"column":29},"end":{"line":33,"column":50}},{"start":{"line":33,"column":50},"end":{"line":33,"column":null}}],"line":33},"3":{"loc":{"start":{"line":35,"column":17},"end":{"line":38,"column":null}},"type":"cond-expr","locations":[{"start":{"line":36,"column":20},"end":{"line":36,"column":null}},{"start":{"line":38,"column":20},"end":{"line":38,"column":null}}],"line":35}},"s":{"0":1,"1":1,"2":0,"3":1},"f":{"0":1},"b":{"0":[0,1],"1":[1,0],"2":[0,1],"3":[0,1]},"meta":{"lastBranch":4,"lastFunction":1,"lastStatement":4,"seen":{"s:13:51:43:Infinity":0,"f:13:51:13:52":0,"b:14:4:20:Infinity:undefined:undefined:undefined:undefined":0,"s:14:4:20:Infinity":1,"s:15:8:18:Infinity":2,"s:22:4:41:Infinity":3,"b:26:38:26:56:26:56:26:Infinity":1,"b:33:29:33:50:33:50:33:Infinity":2,"b:36:20:36:Infinity:38:20:38:Infinity":3}}}
,"/home/andys/Work/JobSearch/Portfolio/grpc-boundary-lab/frontend/src/components/StatsCard.tsx": {"path":"/home/andys/Work/JobSearch/Portfolio/grpc-boundary-lab/frontend/src/components/StatsCard.tsx","statementMap":{"0":{"start":{"line":12,"column":51},"end":{"line":46,"column":null}},"1":{"start":{"line":19,"column":4},"end":{"line":44,"column":null}}},"fnMap":{"0":{"name":"(anonymous_0)","decl":{"start":{"line":12,"column":51},"end":{"line":12,"column":52}},"loc":{"start":{"line":18,"column":6},"end":{"line":46,"column":null}},"line":18}},"branchMap":{"0":{"loc":{"start":{"line":26,"column":17},"end":{"line":29,"column":null}},"type":"binary-expr","locations":[{"start":{"line":26,"column":17},"end":{"line":26,"column":null}},{"start":{"line":27,"column":20},"end":{"line":29,"column":null}}],"line":26},"1":{"loc":{"start":{"line":35,"column":17},"end":{"line":36,"column":null}},"type":"binary-expr","locations":[{"start":{"line":35,"column":17},"end":{"line":35,"column":null}},{"start":{"line":36,"column":20},"end":{"line":36,"column":null}}],"line":35}},"s":{"0":1,"1":4},"f":{"0":4},"b":{"0":[4,4],"1":[4,4]},"meta":{"lastBranch":2,"lastFunction":1,"lastStatement":2,"seen":{"s:12:51:46:Infinity":0,"f:12:51:12:52":0,"s:19:4:44:Infinity":1,"b:26:17:26:Infinity:27:20:29:Infinity":0,"b:35:17:35:Infinity:36:20:36:Infinity":1}}}
,"/home/andys/Work/JobSearch/Portfolio/grpc-boundary-lab/frontend/src/components/layout/AppShell.tsx": {"path":"/home/andys/Work/JobSearch/Portfolio/grpc-boundary-lab/frontend/src/components/layout/AppShell.tsx","statementMap":{"0":{"start":{"line":9,"column":49},"end":{"line":47,"column":null}},"1":{"start":{"line":10,"column":32},"end":{"line":10,"column":null}},"2":{"start":{"line":12,"column":2},"end":{"line":45,"column":null}}},"fnMap":{"0":{"name":"(anonymous_0)","decl":{"start":{"line":9,"column":49},"end":{"line":9,"column":50}},"loc":{"start":{"line":9,"column":67},"end":{"line":47,"column":null}},"line":9}},"branchMap":{},"s":{"0":1,"1":1,"2":1},"f":{"0":1},"b":{},"meta":{"lastBranch":0,"lastFunction":1,"lastStatement":3,"seen":{"s:9:49:47:Infinity":0,"f:9:49:9:50":0,"s:10:32:10:Infinity":1,"s:12:2:45:Infinity":2}}}
,"/home/andys/Work/JobSearch/Portfolio/grpc-boundary-lab/frontend/src/components/layout/Sidebar.tsx": {"path":"/home/andys/Work/JobSearch/Portfolio/grpc-boundary-lab/frontend/src/components/layout/Sidebar.tsx","statementMap":{"0":{"start":{"line":19,"column":47},"end":{"line":82,"column":null}},"1":{"start":{"line":20,"column":34},"end":{"line":20,"column":null}},"2":{"start":{"line":22,"column":19},"end":{"line":29,"column":null}},"3":{"start":{"line":31,"column":2},"end":{"line":80,"column":null}},"4":{"start":{"line":44,"column":25},"end":{"line":44,"column":null}},"5":{"start":{"line":54,"column":10},"end":{"line":64,"column":null}},"6":{"start":{"line":56,"column":27},"end":{"line":56,"column":null}}},"fnMap":{"0":{"name":"(anonymous_0)","decl":{"start":{"line":19,"column":47},"end":{"line":19,"column":48}},"loc":{"start":{"line":19,"column":80},"end":{"line":82,"column":null}},"line":19},"1":{"name":"(anonymous_1)","decl":{"start":{"line":44,"column":19},"end":{"line":44,"column":25}},"loc":{"start":{"line":44,"column":25},"end":{"line":44,"column":null}},"line":44},"2":{"name":"(anonymous_2)","decl":{"start":{"line":53,"column":22},"end":{"line":53,"column":23}},"loc":{"start":{"line":54,"column":10},"end":{"line":64,"column":null}},"line":54},"3":{"name":"(anonymous_3)","decl":{"start":{"line":56,"column":21},"end":{"line":56,"column":27}},"loc":{"start":{"line":56,"column":27},"end":{"line":56,"column":null}},"line":56}},"branchMap":{"0":{"loc":{"start":{"line":35,"column":8},"end":{"line":35,"column":null}},"type":"cond-expr","locations":[{"start":{"line":35,"column":20},"end":{"line":35,"column":29}},{"start":{"line":35,"column":29},"end":{"line":35,"column":null}}],"line":35},"1":{"loc":{"start":{"line":40,"column":9},"end":{"line":41,"column":null}},"type":"binary-expr","locations":[{"start":{"line":40,"column":9},"end":{"line":40,"column":null}},{"start":{"line":41,"column":10},"end":{"line":41,"column":null}}],"line":40},"2":{"loc":{"start":{"line":47,"column":11},"end":{"line":47,"column":null}},"type":"cond-expr","locations":[{"start":{"line":47,"column":23},"end":{"line":47,"column":52}},{"start":{"line":47,"column":52},"end":{"line":47,"column":null}}],"line":47},"3":{"loc":{"start":{"line":59,"column":14},"end":{"line":59,"column":null}},"type":"binary-expr","locations":[{"start":{"line":59,"column":14},"end":{"line":59,"column":40}},{"start":{"line":59,"column":40},"end":{"line":59,"column":null}}],"line":59},"4":{"loc":{"start":{"line":62,"column":47},"end":{"line":62,"column":85}},"type":"cond-expr","locations":[{"start":{"line":62,"column":59},"end":{"line":62,"column":71}},{"start":{"line":62,"column":71},"end":{"line":62,"column":85}}],"line":62},"5":{"loc":{"start":{"line":63,"column":13},"end":{"line":63,"column":null}},"type":"binary-expr","locations":[{"start":{"line":63,"column":13},"end":{"line":63,"column":27}},{"start":{"line":63,"column":27},"end":{"line":63,"column":null}}],"line":63},"6":{"loc":{"start":{"line":70,"column":55},"end":{"line":70,"column":88}},"type":"cond-expr","locations":[{"start":{"line":70,"column":67},"end":{"line":70,"column":86}},{"start":{"line":70,"column":86},"end":{"line":70,"column":88}}],"line":70},"7":{"loc":{"start":{"line":72,"column":13},"end":{"line":76,"column":null}},"type":"binary-expr","locations":[{"start":{"line":72,"column":13},"end":{"line":72,"column":null}},{"start":{"line":73,"column":14},"end":{"line":76,"column":null}}],"line":72}},"s":{"0":1,"1":1,"2":1,"3":1,"4":0,"5":6,"6":0},"f":{"0":1,"1":0,"2":6,"3":0},"b":{"0":[0,1],"1":[1,1],"2":[0,1],"3":[6,1],"4":[0,6],"5":[6,6],"6":[0,1],"7":[1,1]},"meta":{"lastBranch":8,"lastFunction":4,"lastStatement":7,"seen":{"s:19:47:82:Infinity":0,"f:19:47:19:48":0,"s:20:34:20:Infinity":1,"s:22:19:29:Infinity":2,"s:31:2:80:Infinity":3,"b:35:20:35:29:35:29:35:Infinity":0,"b:40:9:40:Infinity:41:10:41:Infinity":1,"f:44:19:44:25":1,"s:44:25:44:Infinity":4,"b:47:23:47:52:47:52:47:Infinity":2,"f:53:22:53:23":2,"s:54:10:64:Infinity":5,"f:56:21:56:27":3,"s:56:27:56:Infinity":6,"b:59:14:59:40:59:40:59:Infinity":3,"b:62:59:62:71:62:71:62:85":4,"b:63:13:63:27:63:27:63:Infinity":5,"b:70:67:70:86:70:86:70:88":6,"b:72:13:72:Infinity:73:14:76:Infinity":7}}}
,"/home/andys/Work/JobSearch/Portfolio/grpc-boundary-lab/frontend/src/components/layout/TopBar.tsx": {"path":"/home/andys/Work/JobSearch/Portfolio/grpc-boundary-lab/frontend/src/components/layout/TopBar.tsx","statementMap":{"0":{"start":{"line":10,"column":32},"end":{"line":51,"column":null}},"1":{"start":{"line":11,"column":2},"end":{"line":49,"column":null}}},"fnMap":{"0":{"name":"(anonymous_0)","decl":{"start":{"line":10,"column":32},"end":{"line":10,"column":38}},"loc":{"start":{"line":10,"column":38},"end":{"line":51,"column":null}},"line":10}},"branchMap":{},"s":{"0":1,"1":1},"f":{"0":1},"b":{},"meta":{"lastBranch":0,"lastFunction":1,"lastStatement":2,"seen":{"s:10:32:51:Infinity":0,"f:10:32:10:38":0,"s:11:2:49:Infinity":1}}}
,"/home/andys/Work/JobSearch/Portfolio/grpc-boundary-lab/frontend/src/core/services/api.ts": {"path":"/home/andys/Work/JobSearch/Portfolio/grpc-boundary-lab/frontend/src/core/services/api.ts","statementMap":{"0":{"start":{"line":5,"column":25},"end":{"line":11,"column":null}},"1":{"start":{"line":13,"column":19},"end":{"line":34,"column":null}},"2":{"start":{"line":16,"column":23},"end":{"line":16,"column":null}},"3":{"start":{"line":17,"column":25},"end":{"line":17,"column":null}},"4":{"start":{"line":18,"column":8},"end":{"line":18,"column":null}},"5":{"start":{"line":23,"column":23},"end":{"line":23,"column":null}},"6":{"start":{"line":24,"column":25},"end":{"line":24,"column":null}},"7":{"start":{"line":25,"column":8},"end":{"line":25,"column":null}},"8":{"start":{"line":30,"column":23},"end":{"line":30,"column":null}},"9":{"start":{"line":31,"column":25},"end":{"line":31,"column":null}},"10":{"start":{"line":32,"column":8},"end":{"line":32,"column":null}}},"fnMap":{"0":{"name":"(anonymous_0)","decl":{"start":{"line":15,"column":13},"end":{"line":15,"column":20}},"loc":{"start":{"line":15,"column":98},"end":{"line":19,"column":null}},"line":15},"1":{"name":"(anonymous_1)","decl":{"start":{"line":22,"column":10},"end":{"line":22,"column":17}},"loc":{"start":{"line":22,"column":99},"end":{"line":26,"column":null}},"line":22},"2":{"name":"(anonymous_2)","decl":{"start":{"line":29,"column":20},"end":{"line":29,"column":27}},"loc":{"start":{"line":29,"column":111},"end":{"line":33,"column":null}},"line":29}},"branchMap":{"0":{"loc":{"start":{"line":6,"column":13},"end":{"line":6,"column":null}},"type":"binary-expr","locations":[{"start":{"line":6,"column":13},"end":{"line":6,"column":45}},{"start":{"line":6,"column":45},"end":{"line":6,"column":null}}],"line":6},"1":{"loc":{"start":{"line":15,"column":20},"end":{"line":15,"column":54}},"type":"default-arg","locations":[{"start":{"line":15,"column":46},"end":{"line":15,"column":54}}],"line":15},"2":{"loc":{"start":{"line":15,"column":54},"end":{"line":15,"column":98}},"type":"default-arg","locations":[{"start":{"line":15,"column":69},"end":{"line":15,"column":98}}],"line":15},"3":{"loc":{"start":{"line":22,"column":17},"end":{"line":22,"column":51}},"type":"default-arg","locations":[{"start":{"line":22,"column":43},"end":{"line":22,"column":51}}],"line":22},"4":{"loc":{"start":{"line":22,"column":51},"end":{"line":22,"column":99}},"type":"default-arg","locations":[{"start":{"line":22,"column":66},"end":{"line":22,"column":99}}],"line":22},"5":{"loc":{"start":{"line":29,"column":27},"end":{"line":29,"column":61}},"type":"default-arg","locations":[{"start":{"line":29,"column":53},"end":{"line":29,"column":61}}],"line":29},"6":{"loc":{"start":{"line":29,"column":61},"end":{"line":29,"column":111}},"type":"default-arg","locations":[{"start":{"line":29,"column":76},"end":{"line":29,"column":111}}],"line":29}},"s":{"0":1,"1":1,"2":1,"3":1,"4":1,"5":1,"6":1,"7":1,"8":1,"9":1,"10":1},"f":{"0":1,"1":1,"2":1},"b":{"0":[1,1],"1":[1],"2":[1],"3":[1],"4":[1],"5":[1],"6":[1]},"meta":{"lastBranch":7,"lastFunction":3,"lastStatement":11,"seen":{"s:5:25:11:Infinity":0,"b:6:13:6:45:6:45:6:Infinity":0,"s:13:19:34:Infinity":1,"f:15:13:15:20":0,"b:15:46:15:54":1,"b:15:69:15:98":2,"s:16:23:16:Infinity":2,"s:17:25:17:Infinity":3,"s:18:8:18:Infinity":4,"f:22:10:22:17":1,"b:22:43:22:51":3,"b:22:66:22:99":4,"s:23:23:23:Infinity":5,"s:24:25:24:Infinity":6,"s:25:8:25:Infinity":7,"f:29:20:29:27":2,"b:29:53:29:61":5,"b:29:76:29:111":6,"s:30:23:30:Infinity":8,"s:31:25:31:Infinity":9,"s:32:8:32:Infinity":10}}}
,"/home/andys/Work/JobSearch/Portfolio/grpc-boundary-lab/frontend/src/core/types/api.ts": {"path":"/home/andys/Work/JobSearch/Portfolio/grpc-boundary-lab/frontend/src/core/types/api.ts","statementMap":{},"fnMap":{},"branchMap":{},"s":{},"f":{},"b":{},"meta":{"lastBranch":0,"lastFunction":0,"lastStatement":0,"seen":{}}}
,"/home/andys/Work/JobSearch/Portfolio/grpc-boundary-lab/frontend/src/hooks/useDashboard.ts": {"path":"/home/andys/Work/JobSearch/Portfolio/grpc-boundary-lab/frontend/src/hooks/useDashboard.ts","statementMap":{"0":{"start":{"line":25,"column":24},"end":{"line":25,"column":null}},"1":{"start":{"line":26,"column":26},"end":{"line":26,"column":null}},"2":{"start":{"line":27,"column":36},"end":{"line":27,"column":null}},"3":{"start":{"line":30,"column":10},"end":{"line":30,"column":null}},"4":{"start":{"line":31,"column":10},"end":{"line":31,"column":null}},"5":{"start":{"line":34,"column":38},"end":{"line":34,"column":null}},"6":{"start":{"line":35,"column":35},"end":{"line":35,"column":null}},"7":{"start":{"line":37,"column":30},"end":{"line":37,"column":null}},"8":{"start":{"line":38,"column":42},"end":{"line":38,"column":null}},"9":{"start":{"line":39,"column":30},"end":{"line":39,"column":null}},"10":{"start":{"line":40,"column":26},"end":{"line":40,"column":null}},"11":{"start":{"line":42,"column":10},"end":{"line":42,"column":null}},"12":{"start":{"line":43,"column":10},"end":{"line":43,"column":null}},"13":{"start":{"line":45,"column":10},"end":{"line":70,"column":null}},"14":{"start":{"line":46,"column":19},"end":{"line":46,"column":null}},"15":{"start":{"line":47,"column":8},"end":{"line":47,"column":null}},"16":{"start":{"line":47,"column":25},"end":{"line":47,"column":null}},"17":{"start":{"line":48,"column":8},"end":{"line":48,"column":null}},"18":{"start":{"line":50,"column":8},"end":{"line":69,"column":null}},"19":{"start":{"line":51,"column":42},"end":{"line":54,"column":null}},"20":{"start":{"line":55,"column":12},"end":{"line":55,"column":null}},"21":{"start":{"line":55,"column":43},"end":{"line":55,"column":null}},"22":{"start":{"line":56,"column":12},"end":{"line":56,"column":null}},"23":{"start":{"line":57,"column":12},"end":{"line":57,"column":null}},"24":{"start":{"line":58,"column":12},"end":{"line":58,"column":null}},"25":{"start":{"line":60,"column":12},"end":{"line":60,"column":null}},"26":{"start":{"line":60,"column":43},"end":{"line":60,"column":null}},"27":{"start":{"line":61,"column":12},"end":{"line":61,"column":null}},"28":{"start":{"line":62,"column":12},"end":{"line":62,"column":null}},"29":{"start":{"line":62,"column":42},"end":{"line":62,"column":null}},"30":{"start":{"line":64,"column":12},"end":{"line":68,"column":null}},"31":{"start":{"line":65,"column":16},"end":{"line":65,"column":null}},"32":{"start":{"line":66,"column":16},"end":{"line":66,"column":null}},"33":{"start":{"line":67,"column":16},"end":{"line":67,"column":null}},"34":{"start":{"line":73,"column":10},"end":{"line":78,"column":null}},"35":{"start":{"line":74,"column":8},"end":{"line":74,"column":null}},"36":{"start":{"line":74,"column":39},"end":{"line":74,"column":null}},"37":{"start":{"line":75,"column":8},"end":{"line":75,"column":null}},"38":{"start":{"line":76,"column":8},"end":{"line":76,"column":null}},"39":{"start":{"line":77,"column":8},"end":{"line":77,"column":null}},"40":{"start":{"line":80,"column":10},"end":{"line":85,"column":null}},"41":{"start":{"line":81,"column":8},"end":{"line":81,"column":null}},"42":{"start":{"line":81,"column":36},"end":{"line":81,"column":null}},"43":{"start":{"line":82,"column":8},"end":{"line":82,"column":null}},"44":{"start":{"line":83,"column":8},"end":{"line":83,"column":null}},"45":{"start":{"line":84,"column":8},"end":{"line":84,"column":null}},"46":{"start":{"line":87,"column":10},"end":{"line":89,"column":null}},"47":{"start":{"line":88,"column":8},"end":{"line":88,"column":null}},"48":{"start":{"line":91,"column":10},"end":{"line":105,"column":null}},"49":{"start":{"line":92,"column":8},"end":{"line":104,"column":null}},"50":{"start":{"line":93,"column":12},"end":{"line":93,"column":null}},"51":{"start":{"line":94,"column":26},"end":{"line":94,"column":null}},"52":{"start":{"line":95,"column":25},"end":{"line":95,"column":null}},"53":{"start":{"line":96,"column":30},"end":{"line":96,"column":null}},"54":{"start":{"line":97,"column":12},"end":{"line":97,"column":null}},"55":{"start":{"line":98,"column":12},"end":{"line":98,"column":null}},"56":{"start":{"line":100,"column":12},"end":{"line":100,"column":null}},"57":{"start":{"line":101,"column":12},"end":{"line":101,"column":null}},"58":{"start":{"line":103,"column":12},"end":{"line":103,"column":null}},"59":{"start":{"line":107,"column":4},"end":{"line":116,"column":null}},"60":{"start":{"line":109,"column":8},"end":{"line":109,"column":null}},"61":{"start":{"line":111,"column":25},"end":{"line":113,"column":null}},"62":{"start":{"line":112,"column":12},"end":{"line":112,"column":null}},"63":{"start":{"line":115,"column":8},"end":{"line":115,"column":null}},"64":{"start":{"line":115,"column":21},"end":{"line":115,"column":null}},"65":{"start":{"line":118,"column":4},"end":{"line":123,"column":null}}},"fnMap":{"0":{"name":"useDashboard","decl":{"start":{"line":24,"column":16},"end":{"line":24,"column":66}},"loc":{"start":{"line":24,"column":66},"end":{"line":124,"column":null}},"line":24},"1":{"name":"(anonymous_1)","decl":{"start":{"line":45,"column":33},"end":{"line":45,"column":40}},"loc":{"start":{"line":45,"column":104},"end":{"line":70,"column":7}},"line":45},"2":{"name":"(anonymous_2)","decl":{"start":{"line":73,"column":36},"end":{"line":73,"column":37}},"loc":{"start":{"line":73,"column":60},"end":{"line":78,"column":7}},"line":73},"3":{"name":"(anonymous_3)","decl":{"start":{"line":80,"column":38},"end":{"line":80,"column":39}},"loc":{"start":{"line":80,"column":56},"end":{"line":85,"column":7}},"line":80},"4":{"name":"(anonymous_4)","decl":{"start":{"line":87,"column":32},"end":{"line":87,"column":38}},"loc":{"start":{"line":87,"column":38},"end":{"line":89,"column":7}},"line":87},"5":{"name":"(anonymous_5)","decl":{"start":{"line":91,"column":35},"end":{"line":91,"column":47}},"loc":{"start":{"line":91,"column":47},"end":{"line":105,"column":7}},"line":91},"6":{"name":"(anonymous_6)","decl":{"start":{"line":107,"column":14},"end":{"line":107,"column":20}},"loc":{"start":{"line":107,"column":20},"end":{"line":116,"column":7}},"line":107},"7":{"name":"(anonymous_7)","decl":{"start":{"line":111,"column":37},"end":{"line":111,"column":43}},"loc":{"start":{"line":111,"column":43},"end":{"line":113,"column":11}},"line":111},"8":{"name":"(anonymous_8)","decl":{"start":{"line":115,"column":15},"end":{"line":115,"column":21}},"loc":{"start":{"line":115,"column":21},"end":{"line":115,"column":null}},"line":115}},"branchMap":{"0":{"loc":{"start":{"line":47,"column":8},"end":{"line":47,"column":null}},"type":"if","locations":[{"start":{"line":47,"column":8},"end":{"line":47,"column":null}},{"start":{},"end":{}}],"line":47},"1":{"loc":{"start":{"line":55,"column":12},"end":{"line":55,"column":null}},"type":"if","locations":[{"start":{"line":55,"column":12},"end":{"line":55,"column":null}},{"start":{},"end":{}}],"line":55},"2":{"loc":{"start":{"line":60,"column":12},"end":{"line":60,"column":null}},"type":"if","locations":[{"start":{"line":60,"column":12},"end":{"line":60,"column":null}},{"start":{},"end":{}}],"line":60},"3":{"loc":{"start":{"line":62,"column":12},"end":{"line":62,"column":null}},"type":"if","locations":[{"start":{"line":62,"column":12},"end":{"line":62,"column":null}},{"start":{},"end":{}}],"line":62},"4":{"loc":{"start":{"line":64,"column":12},"end":{"line":68,"column":null}},"type":"if","locations":[{"start":{"line":64,"column":12},"end":{"line":68,"column":null}},{"start":{},"end":{}}],"line":64},"5":{"loc":{"start":{"line":74,"column":8},"end":{"line":74,"column":null}},"type":"if","locations":[{"start":{"line":74,"column":8},"end":{"line":74,"column":null}},{"start":{},"end":{}}],"line":74},"6":{"loc":{"start":{"line":81,"column":8},"end":{"line":81,"column":null}},"type":"if","locations":[{"start":{"line":81,"column":8},"end":{"line":81,"column":null}},{"start":{},"end":{}}],"line":81},"7":{"loc":{"start":{"line":96,"column":30},"end":{"line":96,"column":null}},"type":"binary-expr","locations":[{"start":{"line":96,"column":30},"end":{"line":96,"column":48}},{"start":{"line":96,"column":48},"end":{"line":96,"column":null}}],"line":96}},"s":{"0":15,"1":15,"2":15,"3":15,"4":15,"5":15,"6":15,"7":15,"8":15,"9":15,"10":15,"11":15,"12":15,"13":15,"14":7,"15":7,"16":5,"17":7,"18":7,"19":7,"20":6,"21":2,"22":4,"23":4,"24":4,"25":1,"26":0,"27":1,"28":1,"29":1,"30":7,"31":5,"32":5,"33":5,"34":15,"35":1,"36":0,"37":1,"38":1,"39":1,"40":15,"41":1,"42":0,"43":1,"44":1,"45":1,"46":15,"47":0,"48":15,"49":1,"50":1,"51":1,"52":1,"53":1,"54":1,"55":1,"56":0,"57":0,"58":1,"59":15,"60":5,"61":5,"62":0,"63":5,"64":5,"65":15},"f":{"0":15,"1":7,"2":1,"3":1,"4":0,"5":1,"6":5,"7":0,"8":5},"b":{"0":[5,2],"1":[2,4],"2":[0,1],"3":[1,0],"4":[5,2],"5":[0,1],"6":[0,1],"7":[1,0]},"meta":{"lastBranch":8,"lastFunction":9,"lastStatement":66,"seen":{"f:24:16:24:66":0,"s:25:24:25:Infinity":0,"s:26:26:26:Infinity":1,"s:27:36:27:Infinity":2,"s:30:10:30:Infinity":3,"s:31:10:31:Infinity":4,"s:34:38:34:Infinity":5,"s:35:35:35:Infinity":6,"s:37:30:37:Infinity":7,"s:38:42:38:Infinity":8,"s:39:30:39:Infinity":9,"s:40:26:40:Infinity":10,"s:42:10:42:Infinity":11,"s:43:10:43:Infinity":12,"s:45:10:70:Infinity":13,"f:45:33:45:40":1,"s:46:19:46:Infinity":14,"b:47:8:47:Infinity:undefined:undefined:undefined:undefined":0,"s:47:8:47:Infinity":15,"s:47:25:47:Infinity":16,"s:48:8:48:Infinity":17,"s:50:8:69:Infinity":18,"s:51:42:54:Infinity":19,"b:55:12:55:Infinity:undefined:undefined:undefined:undefined":1,"s:55:12:55:Infinity":20,"s:55:43:55:Infinity":21,"s:56:12:56:Infinity":22,"s:57:12:57:Infinity":23,"s:58:12:58:Infinity":24,"b:60:12:60:Infinity:undefined:undefined:undefined:undefined":2,"s:60:12:60:Infinity":25,"s:60:43:60:Infinity":26,"s:61:12:61:Infinity":27,"b:62:12:62:Infinity:undefined:undefined:undefined:undefined":3,"s:62:12:62:Infinity":28,"s:62:42:62:Infinity":29,"b:64:12:68:Infinity:undefined:undefined:undefined:undefined":4,"s:64:12:68:Infinity":30,"s:65:16:65:Infinity":31,"s:66:16:66:Infinity":32,"s:67:16:67:Infinity":33,"s:73:10:78:Infinity":34,"f:73:36:73:37":2,"b:74:8:74:Infinity:undefined:undefined:undefined:undefined":5,"s:74:8:74:Infinity":35,"s:74:39:74:Infinity":36,"s:75:8:75:Infinity":37,"s:76:8:76:Infinity":38,"s:77:8:77:Infinity":39,"s:80:10:85:Infinity":40,"f:80:38:80:39":3,"b:81:8:81:Infinity:undefined:undefined:undefined:undefined":6,"s:81:8:81:Infinity":41,"s:81:36:81:Infinity":42,"s:82:8:82:Infinity":43,"s:83:8:83:Infinity":44,"s:84:8:84:Infinity":45,"s:87:10:89:Infinity":46,"f:87:32:87:38":4,"s:88:8:88:Infinity":47,"s:91:10:105:Infinity":48,"f:91:35:91:47":5,"s:92:8:104:Infinity":49,"s:93:12:93:Infinity":50,"s:94:26:94:Infinity":51,"s:95:25:95:Infinity":52,"s:96:30:96:Infinity":53,"b:96:30:96:48:96:48:96:Infinity":7,"s:97:12:97:Infinity":54,"s:98:12:98:Infinity":55,"s:100:12:100:Infinity":56,"s:101:12:101:Infinity":57,"s:103:12:103:Infinity":58,"s:107:4:116:Infinity":59,"f:107:14:107:20":6,"s:109:8:109:Infinity":60,"s:111:25:113:Infinity":61,"f:111:37:111:43":7,"s:112:12:112:Infinity":62,"s:115:8:115:Infinity":63,"f:115:15:115:21":8,"s:115:21:115:Infinity":64,"s:118:4:123:Infinity":65}}}
,"/home/andys/Work/JobSearch/Portfolio/grpc-boundary-lab/frontend/src/pages/Dashboard.tsx": {"path":"/home/andys/Work/JobSearch/Portfolio/grpc-boundary-lab/frontend/src/pages/Dashboard.tsx","statementMap":{"0":{"start":{"line":19,"column":35},"end":{"line":205,"column":null}},"1":{"start":{"line":25,"column":4},"end":{"line":25,"column":null}},"2":{"start":{"line":27,"column":4},"end":{"line":203,"column":null}},"3":{"start":{"line":38,"column":39},"end":{"line":38,"column":null}},"4":{"start":{"line":62,"column":43},"end":{"line":62,"column":null}},"5":{"start":{"line":66,"column":43},"end":{"line":66,"column":null}},"6":{"start":{"line":76,"column":43},"end":{"line":76,"column":null}},"7":{"start":{"line":80,"column":43},"end":{"line":80,"column":null}},"8":{"start":{"line":157,"column":47},"end":{"line":157,"column":null}}},"fnMap":{"0":{"name":"(anonymous_0)","decl":{"start":{"line":19,"column":35},"end":{"line":19,"column":41}},"loc":{"start":{"line":19,"column":41},"end":{"line":205,"column":null}},"line":19},"1":{"name":"(anonymous_1)","decl":{"start":{"line":38,"column":33},"end":{"line":38,"column":39}},"loc":{"start":{"line":38,"column":39},"end":{"line":38,"column":null}},"line":38},"2":{"name":"(anonymous_2)","decl":{"start":{"line":62,"column":37},"end":{"line":62,"column":43}},"loc":{"start":{"line":62,"column":43},"end":{"line":62,"column":null}},"line":62},"3":{"name":"(anonymous_3)","decl":{"start":{"line":66,"column":37},"end":{"line":66,"column":43}},"loc":{"start":{"line":66,"column":43},"end":{"line":66,"column":null}},"line":66},"4":{"name":"(anonymous_4)","decl":{"start":{"line":76,"column":37},"end":{"line":76,"column":43}},"loc":{"start":{"line":76,"column":43},"end":{"line":76,"column":null}},"line":76},"5":{"name":"(anonymous_5)","decl":{"start":{"line":80,"column":37},"end":{"line":80,"column":43}},"loc":{"start":{"line":80,"column":43},"end":{"line":80,"column":null}},"line":80},"6":{"name":"(anonymous_6)","decl":{"start":{"line":157,"column":41},"end":{"line":157,"column":47}},"loc":{"start":{"line":157,"column":47},"end":{"line":157,"column":null}},"line":157}},"branchMap":{"0":{"loc":{"start":{"line":42,"column":56},"end":{"line":42,"column":87}},"type":"cond-expr","locations":[{"start":{"line":42,"column":66},"end":{"line":42,"column":83}},{"start":{"line":42,"column":83},"end":{"line":42,"column":87}}],"line":42},"1":{"loc":{"start":{"line":63,"column":98},"end":{"line":63,"column":172}},"type":"cond-expr","locations":[{"start":{"line":63,"column":120},"end":{"line":63,"column":150}},{"start":{"line":63,"column":150},"end":{"line":63,"column":172}}],"line":63},"2":{"loc":{"start":{"line":67,"column":98},"end":{"line":67,"column":172}},"type":"cond-expr","locations":[{"start":{"line":67,"column":120},"end":{"line":67,"column":150}},{"start":{"line":67,"column":150},"end":{"line":67,"column":172}}],"line":67},"3":{"loc":{"start":{"line":77,"column":122},"end":{"line":77,"column":188}},"type":"cond-expr","locations":[{"start":{"line":77,"column":136},"end":{"line":77,"column":166}},{"start":{"line":77,"column":166},"end":{"line":77,"column":188}}],"line":77},"4":{"loc":{"start":{"line":81,"column":38},"end":{"line":81,"column":null}},"type":"binary-expr","locations":[{"start":{"line":81,"column":38},"end":{"line":81,"column":55}},{"start":{"line":81,"column":55},"end":{"line":81,"column":null}}],"line":81},"5":{"loc":{"start":{"line":82,"column":122},"end":{"line":82,"column":187}},"type":"cond-expr","locations":[{"start":{"line":82,"column":135},"end":{"line":82,"column":165}},{"start":{"line":82,"column":165},"end":{"line":82,"column":187}}],"line":82},"6":{"loc":{"start":{"line":97,"column":13},"end":{"line":101,"column":null}},"type":"binary-expr","locations":[{"start":{"line":97,"column":13},"end":{"line":97,"column":null}},{"start":{"line":98,"column":16},"end":{"line":101,"column":null}}],"line":97},"7":{"loc":{"start":{"line":108,"column":27},"end":{"line":108,"column":null}},"type":"cond-expr","locations":[{"start":{"line":108,"column":35},"end":{"line":108,"column":76}},{"start":{"line":108,"column":76},"end":{"line":108,"column":null}}],"line":108},"8":{"loc":{"start":{"line":114,"column":27},"end":{"line":114,"column":null}},"type":"cond-expr","locations":[{"start":{"line":114,"column":35},"end":{"line":114,"column":58}},{"start":{"line":114,"column":58},"end":{"line":114,"column":null}}],"line":114},"9":{"loc":{"start":{"line":120,"column":27},"end":{"line":120,"column":null}},"type":"cond-expr","locations":[{"start":{"line":120,"column":35},"end":{"line":120,"column":58}},{"start":{"line":120,"column":58},"end":{"line":120,"column":null}}],"line":120},"10":{"loc":{"start":{"line":126,"column":27},"end":{"line":126,"column":null}},"type":"cond-expr","locations":[{"start":{"line":126,"column":35},"end":{"line":126,"column":58}},{"start":{"line":126,"column":58},"end":{"line":126,"column":null}}],"line":126},"11":{"loc":{"start":{"line":142,"column":74},"end":{"line":142,"column":134}},"type":"cond-expr","locations":[{"start":{"line":142,"column":90},"end":{"line":142,"column":121}},{"start":{"line":142,"column":121},"end":{"line":142,"column":134}}],"line":142},"12":{"loc":{"start":{"line":158,"column":42},"end":{"line":158,"column":null}},"type":"binary-expr","locations":[{"start":{"line":158,"column":42},"end":{"line":158,"column":53}},{"start":{"line":158,"column":53},"end":{"line":158,"column":null}}],"line":158},"13":{"loc":{"start":{"line":161,"column":33},"end":{"line":164,"column":null}},"type":"cond-expr","locations":[{"start":{"line":162,"column":36},"end":{"line":162,"column":null}},{"start":{"line":164,"column":36},"end":{"line":164,"column":null}}],"line":161},"14":{"loc":{"start":{"line":168,"column":29},"end":{"line":178,"column":null}},"type":"binary-expr","locations":[{"start":{"line":168,"column":29},"end":{"line":168,"column":null}},{"start":{"line":169,"column":32},"end":{"line":178,"column":null}}],"line":168},"15":{"loc":{"start":{"line":185,"column":24},"end":{"line":185,"column":null}},"type":"cond-expr","locations":[{"start":{"line":185,"column":37},"end":{"line":185,"column":67}},{"start":{"line":185,"column":67},"end":{"line":185,"column":null}}],"line":185},"16":{"loc":{"start":{"line":188,"column":67},"end":{"line":188,"column":143}},"type":"cond-expr","locations":[{"start":{"line":188,"column":80},"end":{"line":188,"column":111}},{"start":{"line":188,"column":111},"end":{"line":188,"column":143}}],"line":188},"17":{"loc":{"start":{"line":189,"column":33},"end":{"line":189,"column":null}},"type":"cond-expr","locations":[{"start":{"line":189,"column":46},"end":{"line":189,"column":74}},{"start":{"line":189,"column":74},"end":{"line":189,"column":null}}],"line":189},"18":{"loc":{"start":{"line":192,"column":33},"end":{"line":192,"column":null}},"type":"cond-expr","locations":[{"start":{"line":192,"column":46},"end":{"line":192,"column":66}},{"start":{"line":192,"column":66},"end":{"line":192,"column":null}}],"line":192},"19":{"loc":{"start":{"line":196,"column":29},"end":{"line":198,"column":null}},"type":"cond-expr","locations":[{"start":{"line":197,"column":31},"end":{"line":197,"column":null}},{"start":{"line":198,"column":31},"end":{"line":198,"column":null}}],"line":196}},"s":{"0":1,"1":1,"2":1,"3":0,"4":0,"5":0,"6":0,"7":0,"8":0},"f":{"0":1,"1":0,"2":0,"3":0,"4":0,"5":0,"6":0},"b":{"0":[0,1],"1":[1,0],"2":[0,1],"3":[1,0],"4":[1,1],"5":[0,1],"6":[1,0],"7":[1,0],"8":[1,0],"9":[1,0],"10":[1,0],"11":[0,1],"12":[1,1],"13":[0,1],"14":[1,1],"15":[0,1],"16":[0,1],"17":[0,1],"18":[0,1],"19":[0,1]},"meta":{"lastBranch":20,"lastFunction":7,"lastStatement":9,"seen":{"s:19:35:205:Infinity":0,"f:19:35:19:41":0,"s:25:4:25:Infinity":1,"s:27:4:203:Infinity":2,"f:38:33:38:39":1,"s:38:39:38:Infinity":3,"b:42:66:42:83:42:83:42:87":0,"f:62:37:62:43":2,"s:62:43:62:Infinity":4,"b:63:120:63:150:63:150:63:172":1,"f:66:37:66:43":3,"s:66:43:66:Infinity":5,"b:67:120:67:150:67:150:67:172":2,"f:76:37:76:43":4,"s:76:43:76:Infinity":6,"b:77:136:77:166:77:166:77:188":3,"f:80:37:80:43":5,"s:80:43:80:Infinity":7,"b:81:38:81:55:81:55:81:Infinity":4,"b:82:135:82:165:82:165:82:187":5,"b:97:13:97:Infinity:98:16:101:Infinity":6,"b:108:35:108:76:108:76:108:Infinity":7,"b:114:35:114:58:114:58:114:Infinity":8,"b:120:35:120:58:120:58:120:Infinity":9,"b:126:35:126:58:126:58:126:Infinity":10,"b:142:90:142:121:142:121:142:134":11,"f:157:41:157:47":6,"s:157:47:157:Infinity":8,"b:158:42:158:53:158:53:158:Infinity":12,"b:162:36:162:Infinity:164:36:164:Infinity":13,"b:168:29:168:Infinity:169:32:178:Infinity":14,"b:185:37:185:67:185:67:185:Infinity":15,"b:188:80:188:111:188:111:188:143":16,"b:189:46:189:74:189:74:189:Infinity":17,"b:192:46:192:66:192:66:192:Infinity":18,"b:197:31:197:Infinity:198:31:198:Infinity":19}}}
,"/home/andys/Work/JobSearch/Portfolio/grpc-boundary-lab/frontend/src/utils/cn.ts": {"path":"/home/andys/Work/JobSearch/Portfolio/grpc-boundary-lab/frontend/src/utils/cn.ts","statementMap":{"0":{"start":{"line":6,"column":4},"end":{"line":6,"column":null}}},"fnMap":{"0":{"name":"cn","decl":{"start":{"line":5,"column":16},"end":{"line":5,"column":22}},"loc":{"start":{"line":5,"column":44},"end":{"line":7,"column":null}},"line":5}},"branchMap":{},"s":{"0":33},"f":{"0":33},"b":{},"meta":{"lastBranch":0,"lastFunction":1,"lastStatement":1,"seen":{"f:5:16:5:22":0,"s:6:4:6:Infinity":0}}}
}
