TN:
SF:src/App.tsx
FN:5,(anonymous_0)
FNF:1
FNH:1
FNDA:1,(anonymous_0)
DA:5,1
DA:6,1
LF:2
LH:2
BRF:0
BRH:0
end_of_record
TN:
SF:src/components/LatencyChart.tsx
FN:26,(anonymous_0)
FN:27,(anonymous_1)
FN:55,(anonymous_2)
FNF:3
FNH:2
FNDA:1,(anonymous_0)
FNDA:1,(anonymous_1)
FNDA:0,(anonymous_2)
DA:16,1
DA:22,1
DA:26,1
DA:27,1
DA:28,1
DA:29,1
DA:34,1
DA:55,0
LF:8
LH:7
BRDA:28,0,0,0
BRDA:28,0,1,1
BRF:2
BRH:1
end_of_record
TN:
SF:src/components/ModeBadge.tsx
FN:13,(anonymous_0)
FNF:1
FNH:1
FNDA:1,(anonymous_0)
DA:13,1
DA:14,1
DA:15,0
DA:22,1
LF:4
LH:3
BRDA:14,0,0,0
BRDA:14,0,1,1
BRDA:26,1,0,1
BRDA:26,1,1,0
BRDA:33,2,0,0
BRDA:33,2,1,1
BRDA:35,3,0,0
BRDA:35,3,1,1
BRF:8
BRH:4
end_of_record
TN:
SF:src/components/StatsCard.tsx
FN:12,(anonymous_0)
FNF:1
FNH:1
FNDA:4,(anonymous_0)
DA:12,1
DA:19,4
LF:2
LH:2
BRDA:26,0,0,4
BRDA:26,0,1,4
BRDA:35,1,0,4
BRDA:35,1,1,4
BRF:4
BRH:4
end_of_record
TN:
SF:src/components/layout/AppShell.tsx
FN:9,(anonymous_0)
FNF:1
FNH:1
FNDA:1,(anonymous_0)
DA:9,1
DA:10,1
DA:12,1
LF:3
LH:3
BRF:0
BRH:0
end_of_record
TN:
SF:src/components/layout/Sidebar.tsx
FN:19,(anonymous_0)
FN:44,(anonymous_1)
FN:53,(anonymous_2)
FN:56,(anonymous_3)
FNF:4
FNH:2
FNDA:1,(anonymous_0)
FNDA:0,(anonymous_1)
FNDA:6,(anonymous_2)
FNDA:0,(anonymous_3)
DA:19,1
DA:20,1
DA:22,1
DA:31,1
DA:44,0
DA:54,6
DA:56,0
LF:7
LH:5
BRDA:35,0,0,0
BRDA:35,0,1,1
BRDA:40,1,0,1
BRDA:40,1,1,1
BRDA:47,2,0,0
BRDA:47,2,1,1
BRDA:59,3,0,6
BRDA:59,3,1,1
BRDA:62,4,0,0
BRDA:62,4,1,6
BRDA:63,5,0,6
BRDA:63,5,1,6
BRDA:70,6,0,0
BRDA:70,6,1,1
BRDA:72,7,0,1
BRDA:72,7,1,1
BRF:16
BRH:12
end_of_record
TN:
SF:src/components/layout/TopBar.tsx
FN:10,(anonymous_0)
FNF:1
FNH:1
FNDA:1,(anonymous_0)
DA:10,1
DA:11,1
LF:2
LH:2
BRF:0
BRH:0
end_of_record
TN:
SF:src/core/services/api.ts
FN:15,(anonymous_0)
FN:22,(anonymous_1)
FN:29,(anonymous_2)
FNF:3
FNH:3
FNDA:1,(anonymous_0)
FNDA:1,(anonymous_1)
FNDA:1,(anonymous_2)
DA:5,1
DA:13,1
DA:16,1
DA:17,1
DA:18,1
DA:23,1
DA:24,1
DA:25,1
DA:30,1
DA:31,1
DA:32,1
LF:11
LH:11
BRDA:6,0,0,1
BRDA:6,0,1,1
BRDA:15,1,0,1
BRDA:15,2,0,1
BRDA:22,3,0,1
BRDA:22,4,0,1
BRDA:29,5,0,1
BRDA:29,6,0,1
BRF:8
BRH:8
end_of_record
TN:
SF:src/core/types/api.ts
FNF:0
FNH:0
LF:0
LH:0
BRF:0
BRH:0
end_of_record
TN:
SF:src/hooks/useDashboard.ts
FN:24,useDashboard
FN:45,(anonymous_1)
FN:73,(anonymous_2)
FN:80,(anonymous_3)
FN:87,(anonymous_4)
FN:91,(anonymous_5)
FN:107,(anonymous_6)
FN:111,(anonymous_7)
FN:115,(anonymous_8)
FNF:9
FNH:7
FNDA:15,useDashboard
FNDA:7,(anonymous_1)
FNDA:1,(anonymous_2)
FNDA:1,(anonymous_3)
FNDA:0,(anonymous_4)
FNDA:1,(anonymous_5)
FNDA:5,(anonymous_6)
FNDA:0,(anonymous_7)
FNDA:5,(anonymous_8)
DA:25,15
DA:26,15
DA:27,15
DA:30,15
DA:31,15
DA:34,15
DA:35,15
DA:37,15
DA:38,15
DA:39,15
DA:40,15
DA:42,15
DA:43,15
DA:45,15
DA:46,7
DA:47,7
DA:48,7
DA:50,7
DA:51,7
DA:55,6
DA:56,4
DA:57,4
DA:58,4
DA:60,1
DA:61,1
DA:62,1
DA:64,7
DA:65,5
DA:66,5
DA:67,5
DA:73,15
DA:74,1
DA:75,1
DA:76,1
DA:77,1
DA:80,15
DA:81,1
DA:82,1
DA:83,1
DA:84,1
DA:87,15
DA:88,0
DA:91,15
DA:92,1
DA:93,1
DA:94,1
DA:95,1
DA:96,1
DA:97,1
DA:98,1
DA:100,0
DA:101,0
DA:103,1
DA:107,15
DA:109,5
DA:111,5
DA:112,0
DA:115,5
DA:118,15
LF:59
LH:55
BRDA:47,0,0,5
BRDA:47,0,1,2
BRDA:55,1,0,2
BRDA:55,1,1,4
BRDA:60,2,0,0
BRDA:60,2,1,1
BRDA:62,3,0,1
BRDA:62,3,1,0
BRDA:64,4,0,5
BRDA:64,4,1,2
BRDA:74,5,0,0
BRDA:74,5,1,1
BRDA:81,6,0,0
BRDA:81,6,1,1
BRDA:96,7,0,1
BRDA:96,7,1,0
BRF:16
BRH:11
end_of_record
TN:
SF:src/pages/Dashboard.tsx
FN:20,(anonymous_0)
FN:49,(anonymous_1)
FN:68,(anonymous_2)
FN:92,(anonymous_3)
FN:96,(anonymous_4)
FN:106,(anonymous_5)
FN:110,(anonymous_6)
FN:162,(anonymous_7)
FNF:8
FNH:2
FNDA:1,(anonymous_0)
FNDA:1,(anonymous_1)
FNDA:0,(anonymous_2)
FNDA:0,(anonymous_3)
FNDA:0,(anonymous_4)
FNDA:0,(anonymous_5)
FNDA:0,(anonymous_6)
FNDA:0,(anonymous_7)
DA:20,1
DA:21,1
DA:49,1
DA:55,1
DA:57,1
DA:68,0
DA:92,0
DA:96,0
DA:106,0
DA:110,0
DA:162,0
LF:11
LH:5
BRDA:24,0,0,1
BRDA:24,0,1,0
BRDA:30,1,0,1
BRDA:30,1,1,0
BRDA:36,2,0,1
BRDA:36,2,1,0
BRDA:42,3,0,1
BRDA:42,3,1,0
BRDA:72,4,0,0
BRDA:72,4,1,1
BRDA:93,5,0,1
BRDA:93,5,1,0
BRDA:97,6,0,0
BRDA:97,6,1,1
BRDA:107,7,0,0
BRDA:107,7,1,1
BRDA:111,8,0,1
BRDA:111,8,1,1
BRDA:112,9,0,0
BRDA:112,9,1,1
BRDA:127,10,0,1
BRDA:127,10,1,0
BRDA:147,11,0,0
BRDA:147,11,1,1
BRDA:163,12,0,1
BRDA:163,12,1,1
BRDA:166,13,0,0
BRDA:166,13,1,1
BRDA:173,14,0,1
BRDA:173,14,1,1
BRDA:190,15,0,0
BRDA:190,15,1,1
BRDA:193,16,0,0
BRDA:193,16,1,1
BRDA:194,17,0,0
BRDA:194,17,1,1
BRDA:197,18,0,0
BRDA:197,18,1,1
BRDA:201,19,0,0
BRDA:201,19,1,1
BRF:40
BRH:23
end_of_record
TN:
SF:src/utils/cn.ts
FN:5,cn
FNF:1
FNH:1
FNDA:33,cn
DA:6,33
LF:1
LH:1
BRF:0
BRH:0
end_of_record
